E:\UdemyWeb\ClientApp\dist\out-tsc\e2e\src\app.po.js
E:\UdemyWeb\ClientApp\dist\out-tsc\e2e\src\app.po.js.map
E:\UdemyWeb\ClientApp\dist\out-tsc\e2e\src\app.e2e-spec.js
E:\UdemyWeb\ClientApp\dist\out-tsc\e2e\src\app.e2e-spec.js.map
E:\UdemyWeb\ClientApp\dist\out-tsc\src\app\log-in\log-in.component.js
E:\UdemyWeb\ClientApp\dist\out-tsc\src\app\log-in\log-in.component.js.map
E:\UdemyWeb\ClientApp\dist\out-tsc\src\app\home\home.component.js
E:\UdemyWeb\ClientApp\dist\out-tsc\src\app\home\home.component.js.map
E:\UdemyWeb\ClientApp\dist\out-tsc\src\app\models\Courses.model.js
E:\UdemyWeb\ClientApp\dist\out-tsc\src\app\models\Courses.model.js.map
E:\UdemyWeb\ClientApp\dist\out-tsc\src\environments\environment.js
E:\UdemyWeb\ClientApp\dist\out-tsc\src\environments\environment.js.map
E:\UdemyWeb\ClientApp\dist\out-tsc\src\app\services.service.js
E:\UdemyWeb\ClientApp\dist\out-tsc\src\app\services.service.js.map
E:\UdemyWeb\ClientApp\dist\out-tsc\src\app\models\webDevlopment.model.js
E:\UdemyWeb\ClientApp\dist\out-tsc\src\app\models\webDevlopment.model.js.map
E:\UdemyWeb\ClientApp\dist\out-tsc\src\app\category\web-dev-list\web-dev-list.component.js
E:\UdemyWeb\ClientApp\dist\out-tsc\src\app\category\web-dev-list\web-dev-list.component.js.map
E:\UdemyWeb\ClientApp\dist\out-tsc\src\app\app-routing.module.js
E:\UdemyWeb\ClientApp\dist\out-tsc\src\app\app-routing.module.js.map
E:\UdemyWeb\ClientApp\dist\out-tsc\src\app\app.component.js
E:\UdemyWeb\ClientApp\dist\out-tsc\src\app\app.component.js.map
E:\UdemyWeb\ClientApp\dist\out-tsc\src\app\nav-bar\nav-bar.component.js
E:\UdemyWeb\ClientApp\dist\out-tsc\src\app\nav-bar\nav-bar.component.js.map
E:\UdemyWeb\ClientApp\dist\out-tsc\src\app\carousel\carousel.component.js
E:\UdemyWeb\ClientApp\dist\out-tsc\src\app\carousel\carousel.component.js.map
E:\UdemyWeb\ClientApp\dist\out-tsc\src\app\category\category.component.js
E:\UdemyWeb\ClientApp\dist\out-tsc\src\app\category\category.component.js.map
E:\UdemyWeb\ClientApp\dist\out-tsc\src\app\footer\footer.component.js
E:\UdemyWeb\ClientApp\dist\out-tsc\src\app\footer\footer.component.js.map
E:\UdemyWeb\ClientApp\dist\out-tsc\src\app\register\register.component.js
E:\UdemyWeb\ClientApp\dist\out-tsc\src\app\register\register.component.js.map
E:\UdemyWeb\ClientApp\dist\out-tsc\src\app\card\card.component.js
E:\UdemyWeb\ClientApp\dist\out-tsc\src\app\card\card.component.js.map
E:\UdemyWeb\ClientApp\dist\out-tsc\src\app\app.module.js
E:\UdemyWeb\ClientApp\dist\out-tsc\src\app\app.module.js.map
E:\UdemyWeb\ClientApp\dist\out-tsc\src\main.js
E:\UdemyWeb\ClientApp\dist\out-tsc\src\main.js.map
E:\UdemyWeb\ClientApp\dist\out-tsc\src\polyfills.js
E:\UdemyWeb\ClientApp\dist\out-tsc\src\polyfills.js.map
E:\UdemyWeb\ClientApp\dist\out-tsc\src\test.js
E:\UdemyWeb\ClientApp\dist\out-tsc\src\test.js.map
E:\UdemyWeb\ClientApp\dist\out-tsc\src\app\app.component.spec.js
E:\UdemyWeb\ClientApp\dist\out-tsc\src\app\app.component.spec.js.map
E:\UdemyWeb\ClientApp\dist\out-tsc\src\app\services.service.spec.js
E:\UdemyWeb\ClientApp\dist\out-tsc\src\app\services.service.spec.js.map
E:\UdemyWeb\ClientApp\dist\out-tsc\src\app\card\card.component.spec.js
E:\UdemyWeb\ClientApp\dist\out-tsc\src\app\card\card.component.spec.js.map
E:\UdemyWeb\ClientApp\dist\out-tsc\src\app\carousel\carousel.component.spec.js
E:\UdemyWeb\ClientApp\dist\out-tsc\src\app\carousel\carousel.component.spec.js.map
E:\UdemyWeb\ClientApp\dist\out-tsc\src\app\category\category.component.spec.js
E:\UdemyWeb\ClientApp\dist\out-tsc\src\app\category\category.component.spec.js.map
E:\UdemyWeb\ClientApp\dist\out-tsc\src\app\category\web-dev-list\web-dev-list.component.spec.js
E:\UdemyWeb\ClientApp\dist\out-tsc\src\app\category\web-dev-list\web-dev-list.component.spec.js.map
E:\UdemyWeb\ClientApp\dist\out-tsc\src\app\footer\footer.component.spec.js
E:\UdemyWeb\ClientApp\dist\out-tsc\src\app\footer\footer.component.spec.js.map
E:\UdemyWeb\ClientApp\dist\out-tsc\src\app\home\home.component.spec.js
E:\UdemyWeb\ClientApp\dist\out-tsc\src\app\home\home.component.spec.js.map
E:\UdemyWeb\ClientApp\dist\out-tsc\src\app\log-in\log-in.component.spec.js
E:\UdemyWeb\ClientApp\dist\out-tsc\src\app\log-in\log-in.component.spec.js.map
E:\UdemyWeb\ClientApp\dist\out-tsc\src\app\nav-bar\nav-bar.component.spec.js
E:\UdemyWeb\ClientApp\dist\out-tsc\src\app\nav-bar\nav-bar.component.spec.js.map
E:\UdemyWeb\ClientApp\dist\out-tsc\src\app\register\register.component.spec.js
E:\UdemyWeb\ClientApp\dist\out-tsc\src\app\register\register.component.spec.js.map
E:\UdemyWeb\ClientApp\dist\out-tsc\src\environments\environment.prod.js
E:\UdemyWeb\ClientApp\dist\out-tsc\src\environments\environment.prod.js.map
